Build started 30/07/2016 20:52:02.
     1>Project "C:\Users\Jonathon\Desktop\Uni P14141535\Year Two\IMAT2605 - Object Oriented Design and Decelopment with C++\2D Car Game\2D Car Game\2D Car Game.vcxproj" on node 2 (Build target(s)).
     1>ClCompile:
         C:\Program Files (x86)\Microsoft Visual Studio 13.0\VC\bin\CL.exe /c /Zi /nologo /W3 /WX- /sdl /O2 /Oi /Oy- /GL /D _MBCS /Gm- /EHsc /MD /GS /Gy /fp:precise /Zc:wchar_t /Zc:forScope /Fo"Release\\" /Fd"Release\vc120.pdb" /Gd /TP /analyze- /errorReport:prompt src\Game.cpp src\Main.cpp src\PlayerCar.cpp src\Tyre.cpp
         Game.cpp
     1>src\Game.cpp(41): warning C4244: 'argument' : conversion from 'int' to 'float', possible loss of data
     1>src\Game.cpp(56): warning C4244: 'argument' : conversion from 'int' to 'float', possible loss of data
     1>src\Game.cpp(71): warning C4244: 'argument' : conversion from 'int' to 'float', possible loss of data
     1>src\Game.cpp(91): warning C4244: 'argument' : conversion from 'float' to 'int', possible loss of data
     1>src\Game.cpp(93): error C2065: 'Points' : undeclared identifier
     1>src\Game.cpp(93): error C2228: left of '.setPrimitiveType' must have class/struct/union
                 type is 'unknown-type'
     1>src\Game.cpp(94): error C2065: 'Points' : undeclared identifier
     1>src\Game.cpp(94): error C2228: left of '.resize' must have class/struct/union
                 type is 'unknown-type'
     1>src\Game.cpp(103): warning C4244: 'argument' : conversion from 'int' to 'const float', possible loss of data
     1>src\Game.cpp(108): warning C4018: '<' : signed/unsigned mismatch
     1>src\Game.cpp(130): warning C4018: '<' : signed/unsigned mismatch
     1>src\Game.cpp(136): warning C4244: 'argument' : conversion from 'const unsigned int' to 'float', possible loss of data
     1>src\Game.cpp(137): warning C4244: 'argument' : conversion from 'const unsigned int' to 'float', possible loss of data
     1>src\Game.cpp(142): warning C4244: 'argument' : conversion from 'const unsigned int' to 'float', possible loss of data
     1>src\Game.cpp(143): warning C4244: 'argument' : conversion from 'const unsigned int' to 'float', possible loss of data
     1>src\Game.cpp(148): warning C4244: 'argument' : conversion from 'const unsigned int' to 'float', possible loss of data
     1>src\Game.cpp(149): warning C4244: 'argument' : conversion from 'const unsigned int' to 'float', possible loss of data
     1>src\Game.cpp(153): warning C4244: 'argument' : conversion from 'const unsigned int' to 'float', possible loss of data
     1>src\Game.cpp(162): warning C4244: 'argument' : conversion from 'const unsigned int' to 'float', possible loss of data
     1>src\Game.cpp(165): warning C4244: 'argument' : conversion from 'const unsigned int' to 'float', possible loss of data
     1>src\Game.cpp(166): warning C4244: 'argument' : conversion from 'const unsigned int' to 'float', possible loss of data
     1>src\Game.cpp(171): warning C4244: 'argument' : conversion from 'const unsigned int' to 'float', possible loss of data
     1>src\Game.cpp(176): warning C4244: 'argument' : conversion from 'const unsigned int' to 'float', possible loss of data
     1>src\Game.cpp(184): warning C4244: 'argument' : conversion from 'const unsigned int' to 'float', possible loss of data
     1>src\Game.cpp(401): error C2065: 'Points' : undeclared identifier
     1>src\Game.cpp(401): error C2228: left of '.clear' must have class/struct/union
                 type is 'unknown-type'
     1>src\Game.cpp(403): warning C4018: '<' : signed/unsigned mismatch
     1>src\Game.cpp(405): warning C4305: 'argument' : truncation from 'double' to 'const float'
     1>src\Game.cpp(409): warning C4018: '<' : signed/unsigned mismatch
     1>src\Game.cpp(412): warning C4018: '<' : signed/unsigned mismatch
     1>src\Game.cpp(419): warning C4390: ';' : empty controlled statement found; is this the intent?
     1>src\Game.cpp(428): warning C4018: '<' : signed/unsigned mismatch
     1>src\Game.cpp(431): warning C4018: '<' : signed/unsigned mismatch
     1>src\Game.cpp(446): warning C4018: '<' : signed/unsigned mismatch
     1>src\Game.cpp(457): warning C4018: '<' : signed/unsigned mismatch
     1>src\Game.cpp(467): warning C4018: '<' : signed/unsigned mismatch
     1>src\Game.cpp(486): warning C4018: '<' : signed/unsigned mismatch
     1>src\Game.cpp(490): error C2065: 'Points' : undeclared identifier
     1>src\Game.cpp(539): warning C4244: 'argument' : conversion from 'double' to 'const float', possible loss of data
     1>src\Game.cpp(546): warning C4305: 'argument' : truncation from 'double' to 'const float'
     1>src\Game.cpp(642): warning C4018: '<' : signed/unsigned mismatch
     1>src\Game.cpp(650): warning C4018: '<' : signed/unsigned mismatch
     1>src\Game.cpp(656): warning C4018: '<' : signed/unsigned mismatch
     1>src\Game.cpp(676): warning C4305: 'argument' : truncation from 'double' to 'const float'
     1>src\Game.cpp(685): warning C4018: '<' : signed/unsigned mismatch
         Main.cpp
         PlayerCar.cpp
     1>src\PlayerCar.cpp(19): warning C4018: '<' : signed/unsigned mismatch
     1>src\PlayerCar.cpp(61): warning C4018: '<' : signed/unsigned mismatch
     1>src\PlayerCar.cpp(84): warning C4244: '=' : conversion from 'const int' to 'float', possible loss of data
     1>src\PlayerCar.cpp(90): warning C4244: '=' : conversion from 'const int' to 'float', possible loss of data
     1>src\PlayerCar.cpp(96): warning C4305: 'initializing' : truncation from 'double' to 'const float'
     1>src\PlayerCar.cpp(104): warning C4244: 'initializing' : conversion from 'double' to 'float', possible loss of data
     1>src\PlayerCar.cpp(159): warning C4244: 'argument' : conversion from 'double' to 'float', possible loss of data
     1>src\PlayerCar.cpp(165): warning C4244: 'argument' : conversion from 'double' to 'float', possible loss of data
     1>src\PlayerCar.cpp(167): warning C4244: 'argument' : conversion from 'double' to 'float', possible loss of data
     1>src\PlayerCar.cpp(181): warning C4018: '<' : signed/unsigned mismatch
         Tyre.cpp
     1>Done Building Project "C:\Users\Jonathon\Desktop\Uni P14141535\Year Two\IMAT2605 - Object Oriented Design and Decelopment with C++\2D Car Game\2D Car Game\2D Car Game.vcxproj" (Build target(s)) -- FAILED.

Build FAILED.

Time Elapsed 00:00:01.53
